<?xml version="1.0" encoding="UTF-8"?>
<testsuite name="com.zeubicardgames.app.GameRulesTest" tests="3" skipped="0" failures="0" errors="0" timestamp="2026-08-03T00:16:26.403Z" hostname="runnervmvrwv9" time="0.027">
  <properties/>
  <testcase name="attackRequiresEnergy" classname="com.zeubicardgames.app.GameRulesTest" time="0.019"/>
  <testcase name="deterministicSeedCreatesSameInstances" classname="com.zeubicardgames.app.GameRulesTest" time="0.001"/>
  <testcase name="attackDealsDamageAfterEnergy" classname="com.zeubicardgames.app.GameRulesTest" time="0.004"/>
  <system-out><![CDATA[]]></system-out>
  <system-err><![CDATA[]]></system-err>
</testsuite>
